

Processing UsersController#new (for ::1 at 2009-11-25 02:52:30) [GET]

ActiveRecord::StatementInvalid (Could not find table 'users'):
  app/controllers/users_controller.rb:8:in `new'
  app/controllers/users_controller.rb:8:in `new'
  /usr/local/lib/ruby/1.8/webrick/httpserver.rb:104:in `service'
  /usr/local/lib/ruby/1.8/webrick/httpserver.rb:65:in `run'
  /usr/local/lib/ruby/1.8/webrick/server.rb:173:in `start_thread'
  /usr/local/lib/ruby/1.8/webrick/server.rb:162:in `start'
  /usr/local/lib/ruby/1.8/webrick/server.rb:162:in `start_thread'
  /usr/local/lib/ruby/1.8/webrick/server.rb:95:in `start'
  /usr/local/lib/ruby/1.8/webrick/server.rb:92:in `each'
  /usr/local/lib/ruby/1.8/webrick/server.rb:92:in `start'
  /usr/local/lib/ruby/1.8/webrick/server.rb:23:in `start'
  /usr/local/lib/ruby/1.8/webrick/server.rb:82:in `start'

Rendered rescues/_trace (149.6ms)
Rendered rescues/_request_and_response (2.7ms)
Rendering rescues/layout (internal_server_error)
  [4;36;1mSQL (0.4ms)[0m   [0;1m SELECT name
 FROM sqlite_master
 WHERE type = 'table' AND NOT name = 'sqlite_sequence'
[0m
  [4;35;1mSQL (0.3ms)[0m   [0mselect sqlite_version(*)[0m
  [4;36;1mSQL (2.2ms)[0m   [0;1mCREATE TABLE "schema_migrations" ("version" varchar(255) NOT NULL) [0m
  [4;35;1mSQL (28.8ms)[0m   [0mCREATE UNIQUE INDEX "unique_schema_migrations" ON "schema_migrations" ("version")[0m
  [4;36;1mSQL (0.4ms)[0m   [0;1m SELECT name
 FROM sqlite_master
 WHERE type = 'table' AND NOT name = 'sqlite_sequence'
[0m
  [4;35;1mSQL (0.2ms)[0m   [0mSELECT version FROM schema_migrations[0m
Migrating to CreateUsers (20091125075131)
  [4;36;1mSQL (0.5ms)[0m   [0;1m SELECT name
 FROM sqlite_master
 WHERE type = 'table' AND NOT name = 'sqlite_sequence'
[0m
  [4;35;1mSQL (0.7ms)[0m   [0mCREATE TABLE "users" ("id" INTEGER PRIMARY KEY AUTOINCREMENT NOT NULL, "login" varchar(40), "name" varchar(100) DEFAULT '', "email" varchar(100), "crypted_password" varchar(40), "salt" varchar(40), "created_at" datetime, "updated_at" datetime, "remember_token" varchar(40), "remember_token_expires_at" datetime) [0m
  [4;36;1mSQL (20.4ms)[0m   [0;1mCREATE UNIQUE INDEX "index_users_on_login" ON "users" ("login")[0m
  [4;35;1mSQL (0.3ms)[0m   [0mINSERT INTO schema_migrations (version) VALUES ('20091125075131')[0m
  [4;36;1mSQL (0.5ms)[0m   [0;1m SELECT name
 FROM sqlite_master
 WHERE type = 'table' AND NOT name = 'sqlite_sequence'
[0m
  [4;35;1mSQL (0.3ms)[0m   [0mSELECT version FROM schema_migrations[0m
  [4;36;1mSQL (0.3ms)[0m   [0;1m SELECT name
 FROM sqlite_master
 WHERE type = 'table' AND NOT name = 'sqlite_sequence'
[0m
  [4;35;1mSQL (0.4ms)[0m   [0mPRAGMA index_list("users")[0m
  [4;36;1mSQL (0.3ms)[0m   [0;1mPRAGMA index_info('index_users_on_login')[0m
  [4;36;1mSQL (0.8ms)[0m   [0;1m SELECT name
 FROM sqlite_master
 WHERE type = 'table' AND NOT name = 'sqlite_sequence'
[0m
  [4;35;1mSQL (0.3ms)[0m   [0mSELECT version FROM schema_migrations[0m
Migrating to CreateUsers (20091125075407)
  [4;36;1mSQL (0.2ms)[0m   [0;1mselect sqlite_version(*)[0m
  [4;35;1mSQL (0.5ms)[0m   [0m SELECT name
 FROM sqlite_master
 WHERE type = 'table' AND NOT name = 'sqlite_sequence'
[0m
  [4;36;1mSQL (21.8ms)[0m   [0;1mDROP TABLE "users"[0m
  [4;35;1mSQL (0.4ms)[0m   [0mCREATE TABLE "users" ("id" INTEGER PRIMARY KEY AUTOINCREMENT NOT NULL, "login" varchar(40), "name" varchar(100) DEFAULT '', "email" varchar(100), "crypted_password" varchar(40), "salt" varchar(40), "created_at" datetime, "updated_at" datetime, "remember_token" varchar(40), "remember_token_expires_at" datetime, "activation_code" varchar(40), "activated_at" datetime) [0m
  [4;36;1mSQL (0.4ms)[0m   [0;1mCREATE UNIQUE INDEX "index_users_on_login" ON "users" ("login")[0m
  [4;35;1mSQL (0.2ms)[0m   [0mINSERT INTO schema_migrations (version) VALUES ('20091125075407')[0m
  [4;36;1mSQL (0.5ms)[0m   [0;1m SELECT name
 FROM sqlite_master
 WHERE type = 'table' AND NOT name = 'sqlite_sequence'
[0m
  [4;35;1mSQL (0.3ms)[0m   [0mSELECT version FROM schema_migrations[0m
  [4;36;1mSQL (0.3ms)[0m   [0;1m SELECT name
 FROM sqlite_master
 WHERE type = 'table' AND NOT name = 'sqlite_sequence'
[0m
  [4;35;1mSQL (0.3ms)[0m   [0mPRAGMA index_list("users")[0m
  [4;36;1mSQL (0.3ms)[0m   [0;1mPRAGMA index_info('index_users_on_login')[0m


Processing UsersController#new (for ::1 at 2009-11-25 02:56:05) [GET]
Rendering users/new
Completed in 279ms (View: 268, DB: 0) | 200 OK [http://localhost/signup]


Processing UsersController#create (for ::1 at 2009-11-25 02:56:20) [POST]
  Parameters: {"commit"=>"Sign up", "authenticity_token"=>"l0ESKJHfbdS6I/UZ1TW9rp70F/eNrAo9GQ0DpxVKEZI=", "user"=>{"password_confirmation"=>"rabbit2.5", "password"=>"rabbit2.5", "login"=>"Ellis", "email"=>"eberner@gmail.com"}}
  [4;36;1mUser Load (0.4ms)[0m   [0;1mSELECT "users".id FROM "users" WHERE ("users"."login" = 'ellis') LIMIT 1[0m
  [4;35;1mUser Load (0.2ms)[0m   [0mSELECT "users".id FROM "users" WHERE ("users"."email" = 'eberner@gmail.com') LIMIT 1[0m
  [4;36;1mUser Create (0.6ms)[0m   [0;1mINSERT INTO "users" ("name", "salt", "created_at", "activated_at", "crypted_password", "remember_token_expires_at", "updated_at", "activation_code", "remember_token", "login", "email") VALUES('', '10954e7a1ed44583d1801165932ef26d5445843b', '2009-11-25 07:56:20', NULL, 'bae91af9667657f55a07271e4fded7264cedec68', NULL, '2009-11-25 07:56:20', 'b4572f40647388dd4d6cd5cff80586cd595363c9', NULL, 'ellis', 'eberner@gmail.com')[0m
Sent mail to eberner@gmail.com

Date: Wed, 25 Nov 2009 02:56:20 -0500
From: ADMINEMAIL
To: eberner@gmail.com
Subject: [YOURSITE] Please activate your new account
Mime-Version: 1.0
Content-Type: text/plain; charset=utf-8

Your account has been created.

  Username: ellis
  Password: rabbit2.5

Visit this url to activate your account:

  http://YOURSITE/activate/b4572f40647388dd4d6cd5cff80586cd595363c9
Redirected to http://localhost:3000/
Completed in 149ms (DB: 1) | 302 Found [http://localhost/users]


Processing ApplicationController#index (for ::1 at 2009-11-25 02:57:17) [GET]

ActionController::RoutingError (No route matches "/activate/b4572f40647388dd4d6cd5cff80586cd595363c9" with {:method=>:get}):
  /usr/local/lib/ruby/1.8/webrick/httpserver.rb:104:in `service'
  /usr/local/lib/ruby/1.8/webrick/httpserver.rb:65:in `run'
  /usr/local/lib/ruby/1.8/webrick/server.rb:173:in `start_thread'
  /usr/local/lib/ruby/1.8/webrick/server.rb:162:in `start'
  /usr/local/lib/ruby/1.8/webrick/server.rb:162:in `start_thread'
  /usr/local/lib/ruby/1.8/webrick/server.rb:95:in `start'
  /usr/local/lib/ruby/1.8/webrick/server.rb:92:in `each'
  /usr/local/lib/ruby/1.8/webrick/server.rb:92:in `start'
  /usr/local/lib/ruby/1.8/webrick/server.rb:23:in `start'
  /usr/local/lib/ruby/1.8/webrick/server.rb:82:in `start'

Rendering rescues/layout (not_found)


Processing ApplicationController#index (for ::1 at 2009-11-25 02:57:22) [GET]

ActionController::RoutingError (No route matches "/activate/b4572f40647388dd4d6cd5cff80586cd595363c9" with {:method=>:get}):
  /usr/local/lib/ruby/1.8/webrick/httpserver.rb:104:in `service'
  /usr/local/lib/ruby/1.8/webrick/httpserver.rb:65:in `run'
  /usr/local/lib/ruby/1.8/webrick/server.rb:173:in `start_thread'
  /usr/local/lib/ruby/1.8/webrick/server.rb:162:in `start'
  /usr/local/lib/ruby/1.8/webrick/server.rb:162:in `start_thread'
  /usr/local/lib/ruby/1.8/webrick/server.rb:95:in `start'
  /usr/local/lib/ruby/1.8/webrick/server.rb:92:in `each'
  /usr/local/lib/ruby/1.8/webrick/server.rb:92:in `start'
  /usr/local/lib/ruby/1.8/webrick/server.rb:23:in `start'
  /usr/local/lib/ruby/1.8/webrick/server.rb:82:in `start'

Rendering rescues/layout (not_found)


Processing ApplicationController#index (for ::1 at 2009-11-25 02:57:36) [GET]

ActionController::RoutingError (No route matches "/activate/" with {:method=>:get}):
  /usr/local/lib/ruby/1.8/webrick/httpserver.rb:104:in `service'
  /usr/local/lib/ruby/1.8/webrick/httpserver.rb:65:in `run'
  /usr/local/lib/ruby/1.8/webrick/server.rb:173:in `start_thread'
  /usr/local/lib/ruby/1.8/webrick/server.rb:162:in `start'
  /usr/local/lib/ruby/1.8/webrick/server.rb:162:in `start_thread'
  /usr/local/lib/ruby/1.8/webrick/server.rb:95:in `start'
  /usr/local/lib/ruby/1.8/webrick/server.rb:92:in `each'
  /usr/local/lib/ruby/1.8/webrick/server.rb:92:in `start'
  /usr/local/lib/ruby/1.8/webrick/server.rb:23:in `start'
  /usr/local/lib/ruby/1.8/webrick/server.rb:82:in `start'

Rendering rescues/layout (not_found)


Processing UsersController#activate (for ::1 at 2009-11-25 02:58:28) [GET]
  Parameters: {"activation_code"=>"b4572f40647388dd4d6cd5cff80586cd595363c9"}
  [4;35;1mUser Load (0.9ms)[0m   [0mSELECT * FROM "users" WHERE ("users"."activation_code" = 'b4572f40647388dd4d6cd5cff80586cd595363c9') LIMIT 1[0m
  [4;36;1mUser Update (22.7ms)[0m   [0;1mUPDATE "users" SET "updated_at" = '2009-11-25 07:58:28', "activated_at" = '2009-11-25 07:58:28', "activation_code" = NULL WHERE "id" = 1[0m
Sent mail to eberner@gmail.com

Date: Wed, 25 Nov 2009 02:58:28 -0500
From: ADMINEMAIL
To: eberner@gmail.com
Subject: [YOURSITE] Your account has been activated!
Mime-Version: 1.0
Content-Type: text/plain; charset=utf-8

ellis, your account has been activated.  Welcome aboard!

  http://YOURSITE/
Redirected to http://localhost:3000/login
Completed in 561ms (DB: 24) | 302 Found [http://localhost/activate/b4572f40647388dd4d6cd5cff80586cd595363c9]


Processing SessionsController#new (for ::1 at 2009-11-25 02:58:29) [GET]
Rendering sessions/new
Completed in 175ms (View: 169, DB: 0) | 200 OK [http://localhost/login]


Processing SessionsController#create (for ::1 at 2009-11-25 02:58:35) [POST]
  Parameters: {"commit"=>"Log in", "authenticity_token"=>"l0ESKJHfbdS6I/UZ1TW9rp70F/eNrAo9GQ0DpxVKEZI=", "login"=>"eberner", "password"=>"test"}
  [4;35;1mUser Load (0.6ms)[0m   [0mSELECT * FROM "users" WHERE (login = 'eberner' and activated_at IS NOT NULL) LIMIT 1[0m
Failed login for 'eberner' from ::1 at Wed Nov 25 07:58:35 UTC 2009
Rendering sessions/new
Completed in 14ms (View: 6, DB: 1) | 200 OK [http://localhost/session]


Processing SessionsController#create (for ::1 at 2009-11-25 02:58:39) [POST]
  Parameters: {"commit"=>"Log in", "authenticity_token"=>"l0ESKJHfbdS6I/UZ1TW9rp70F/eNrAo9GQ0DpxVKEZI=", "login"=>"eberner", "password"=>"rabbit2.5"}
  [4;36;1mUser Load (0.5ms)[0m   [0;1mSELECT * FROM "users" WHERE (login = 'eberner' and activated_at IS NOT NULL) LIMIT 1[0m
Failed login for 'eberner' from ::1 at Wed Nov 25 07:58:39 UTC 2009
Rendering sessions/new
Completed in 14ms (View: 6, DB: 1) | 200 OK [http://localhost/session]


Processing SessionsController#create (for ::1 at 2009-11-25 02:58:53) [POST]
  Parameters: {"commit"=>"Log in", "authenticity_token"=>"l0ESKJHfbdS6I/UZ1TW9rp70F/eNrAo9GQ0DpxVKEZI=", "login"=>"ellis", "password"=>"rabbit2.5"}
  [4;35;1mUser Load (1.1ms)[0m   [0mSELECT * FROM "users" WHERE (login = 'ellis' and activated_at IS NOT NULL) LIMIT 1[0m
Redirected to http://localhost:3000/
Completed in 19ms (DB: 1) | 302 Found [http://localhost/session]
  [4;36;1mUser Load (0.8ms)[0m   [0;1mSELECT * FROM "users" WHERE ("users"."id" = 1) [0m


Processing UsersController#index (for ::1 at 2009-11-25 03:12:44) [GET]

ActionController::UnknownAction (No action responded to index. Actions: activate, create, and new):
  /usr/local/lib/ruby/1.8/webrick/httpserver.rb:104:in `service'
  /usr/local/lib/ruby/1.8/webrick/httpserver.rb:65:in `run'
  /usr/local/lib/ruby/1.8/webrick/server.rb:173:in `start_thread'
  /usr/local/lib/ruby/1.8/webrick/server.rb:162:in `start'
  /usr/local/lib/ruby/1.8/webrick/server.rb:162:in `start_thread'
  /usr/local/lib/ruby/1.8/webrick/server.rb:95:in `start'
  /usr/local/lib/ruby/1.8/webrick/server.rb:92:in `each'
  /usr/local/lib/ruby/1.8/webrick/server.rb:92:in `start'
  /usr/local/lib/ruby/1.8/webrick/server.rb:23:in `start'
  /usr/local/lib/ruby/1.8/webrick/server.rb:82:in `start'

Rendering rescues/layout (not_found)


Processing UsersController#index (for ::1 at 2009-11-25 03:12:58) [GET]

ActionView::MissingTemplate (Missing template users/index.erb in view path app/views):
  /usr/local/lib/ruby/1.8/webrick/httpserver.rb:104:in `service'
  /usr/local/lib/ruby/1.8/webrick/httpserver.rb:65:in `run'
  /usr/local/lib/ruby/1.8/webrick/server.rb:173:in `start_thread'
  /usr/local/lib/ruby/1.8/webrick/server.rb:162:in `start'
  /usr/local/lib/ruby/1.8/webrick/server.rb:162:in `start_thread'
  /usr/local/lib/ruby/1.8/webrick/server.rb:95:in `start'
  /usr/local/lib/ruby/1.8/webrick/server.rb:92:in `each'
  /usr/local/lib/ruby/1.8/webrick/server.rb:92:in `start'
  /usr/local/lib/ruby/1.8/webrick/server.rb:23:in `start'
  /usr/local/lib/ruby/1.8/webrick/server.rb:82:in `start'

Rendering rescues/layout (internal_server_error)


Processing UsersController#index (for ::1 at 2009-11-25 03:13:18) [GET]
Rendering users/index
Completed in 324ms (View: 319, DB: 0) | 200 OK [http://localhost/]


Processing UsersController#index (for ::1 at 2009-11-25 03:13:23) [GET]
Rendering users/index
Completed in 15ms (View: 10, DB: 0) | 200 OK [http://localhost/]


Processing UsersController#index (for ::1 at 2009-11-25 03:31:27) [GET]
Rendering users/index
Completed in 7ms (View: 1, DB: 0) | 200 OK [http://localhost/]


Processing UsersController#new (for ::1 at 2009-11-25 03:31:31) [GET]
Rendering users/new
Completed in 201ms (View: 164, DB: 0) | 200 OK [http://localhost/signup]


Processing UsersController#create (for ::1 at 2009-11-25 03:31:49) [POST]
  Parameters: {"commit"=>"Sign up", "authenticity_token"=>"l0ESKJHfbdS6I/UZ1TW9rp70F/eNrAo9GQ0DpxVKEZI=", "user"=>{"uploaded_data"=>#<File:/var/folders/LW/LW9uCMSvEu8AD+13pAJeWE+++TI/-Tmp-/RackMultipart73302-0>, "password_confirmation"=>"rabbit2.5", "password"=>"rabbit2.5", "login"=>"eberner", "email"=>"bernee@rpi.edu"}}
WARNING: Can't mass-assign these protected attributes: uploaded_data
  [4;36;1mUser Load (0.3ms)[0m   [0;1mSELECT "users".id FROM "users" WHERE ("users"."login" = 'eberner') LIMIT 1[0m
  [4;35;1mUser Load (0.2ms)[0m   [0mSELECT "users".id FROM "users" WHERE ("users"."email" = 'bernee@rpi.edu') LIMIT 1[0m
  [4;36;1mUser Create (0.7ms)[0m   [0;1mINSERT INTO "users" ("name", "salt", "created_at", "activated_at", "crypted_password", "remember_token_expires_at", "updated_at", "activation_code", "remember_token", "login", "email") VALUES('', '88c06315109ab277954d7c297337a0c204b35c5f', '2009-11-25 08:31:49', NULL, '2b658c0689d87b8bc2f23254900ffe3d91db93ef', NULL, '2009-11-25 08:31:49', 'f84a7700ba47fbf705f866de6ef187feb9e23e16', NULL, 'eberner', 'bernee@rpi.edu')[0m
Sent mail to bernee@rpi.edu

Date: Wed, 25 Nov 2009 03:31:49 -0500
From: PicPocket
To: bernee@rpi.edu
Subject: Activate your Account | PicPocketPlease activate your new account
Mime-Version: 1.0
Content-Type: text/plain; charset=utf-8

Your account has been created.

  Username: eberner
  Password: rabbit2.5

Visit this url to activate your account:

  http://localhost:3000/activate/f84a7700ba47fbf705f866de6ef187feb9e23e16
Redirected to http://localhost:3000/
Completed in 1721ms (DB: 1) | 302 Found [http://localhost/users]


Processing UsersController#index (for ::1 at 2009-11-25 03:31:51) [GET]
Rendering users/index
Completed in 7ms (View: 1, DB: 0) | 200 OK [http://localhost/]


Processing UsersController#index (for ::1 at 2009-11-25 03:32:45) [GET]
Rendering users/index

ActionView::TemplateError (You have a nil object when you didn't expect it!
You might have expected an instance of Array.
The error occurred while evaluating nil.each) on line #2 of app/views/users/index.html.erb:
1: <h1>All User Pictures</h1>
2: <% for user in @users -%>
3:   <%= link_to image_tag(user.public_filename(:thumb)), user.public_filename %>
4: <% end -%>

    app/views/users/index.html.erb:2
    /usr/local/lib/ruby/1.8/webrick/httpserver.rb:104:in `service'
    /usr/local/lib/ruby/1.8/webrick/httpserver.rb:65:in `run'
    /usr/local/lib/ruby/1.8/webrick/server.rb:173:in `start_thread'
    /usr/local/lib/ruby/1.8/webrick/server.rb:162:in `start'
    /usr/local/lib/ruby/1.8/webrick/server.rb:162:in `start_thread'
    /usr/local/lib/ruby/1.8/webrick/server.rb:95:in `start'
    /usr/local/lib/ruby/1.8/webrick/server.rb:92:in `each'
    /usr/local/lib/ruby/1.8/webrick/server.rb:92:in `start'
    /usr/local/lib/ruby/1.8/webrick/server.rb:23:in `start'
    /usr/local/lib/ruby/1.8/webrick/server.rb:82:in `start'

Rendered rescues/_trace (87.7ms)
Rendered rescues/_request_and_response (2.8ms)
Rendering rescues/layout (internal_server_error)
  [4;36;1mSQL (0.8ms)[0m   [0;1m SELECT name
 FROM sqlite_master
 WHERE type = 'table' AND NOT name = 'sqlite_sequence'
[0m
  [4;35;1mSQL (0.3ms)[0m   [0mSELECT version FROM schema_migrations[0m
  [4;36;1mSQL (0.3ms)[0m   [0;1m SELECT name
 FROM sqlite_master
 WHERE type = 'table' AND NOT name = 'sqlite_sequence'
[0m
  [4;35;1mSQL (0.4ms)[0m   [0mSELECT version FROM schema_migrations[0m
Migrating to CreateUsers (20091125075407)
  [4;36;1mSQL (0.2ms)[0m   [0;1mselect sqlite_version(*)[0m
  [4;35;1mSQL (45.4ms)[0m   [0mDROP TABLE "users"[0m
  [4;36;1mSQL (0.3ms)[0m   [0;1mDELETE FROM schema_migrations WHERE version = '20091125075407'[0m
  [4;35;1mSQL (0.5ms)[0m   [0m SELECT name
 FROM sqlite_master
 WHERE type = 'table' AND NOT name = 'sqlite_sequence'
[0m
  [4;36;1mSQL (0.3ms)[0m   [0;1mSELECT version FROM schema_migrations[0m
  [4;35;1mSQL (0.3ms)[0m   [0m SELECT name
 FROM sqlite_master
 WHERE type = 'table' AND NOT name = 'sqlite_sequence'
[0m
  [4;36;1mSQL (0.8ms)[0m   [0;1m SELECT name
 FROM sqlite_master
 WHERE type = 'table' AND NOT name = 'sqlite_sequence'
[0m
  [4;35;1mSQL (0.3ms)[0m   [0mSELECT version FROM schema_migrations[0m
Migrating to CreateUsers (20091125075407)
  [4;36;1mSQL (0.2ms)[0m   [0;1mselect sqlite_version(*)[0m
  [4;35;1mSQL (0.4ms)[0m   [0m SELECT name
 FROM sqlite_master
 WHERE type = 'table' AND NOT name = 'sqlite_sequence'
[0m
  [4;36;1mSQL (0.6ms)[0m   [0;1mCREATE TABLE "users" ("id" INTEGER PRIMARY KEY AUTOINCREMENT NOT NULL, "login" varchar(40), "name" varchar(100) DEFAULT '', "email" varchar(100), "crypted_password" varchar(40), "salt" varchar(40), "created_at" datetime, "updated_at" datetime, "remember_token" varchar(40), "remember_token_expires_at" datetime, "activation_code" varchar(40), "activated_at" datetime) [0m
  [4;35;1mSQL (0.5ms)[0m   [0mCREATE UNIQUE INDEX "index_users_on_login" ON "users" ("login")[0m
  [4;36;1mSQL (0.2ms)[0m   [0;1mINSERT INTO schema_migrations (version) VALUES ('20091125075407')[0m
Migrating to CreatePhotos (20091125082400)
  [4;35;1mSQL (0.6ms)[0m   [0mCREATE TABLE "photos" ("id" INTEGER PRIMARY KEY AUTOINCREMENT NOT NULL, "size" integer, "height" integer, "width" integer, "parent_id" integer, "attachable_id" integer, "position" integer, "content_type" varchar(255), "filename" varchar(255), "thumbnail" varchar(255), "attachable_type" varchar(255), "created_at" datetime, "updated_at" datetime) [0m
  [4;36;1mSQL (0.3ms)[0m   [0;1mINSERT INTO schema_migrations (version) VALUES ('20091125082400')[0m
  [4;35;1mSQL (0.6ms)[0m   [0m SELECT name
 FROM sqlite_master
 WHERE type = 'table' AND NOT name = 'sqlite_sequence'
[0m
  [4;36;1mSQL (0.4ms)[0m   [0;1mSELECT version FROM schema_migrations[0m
  [4;35;1mSQL (0.4ms)[0m   [0m SELECT name
 FROM sqlite_master
 WHERE type = 'table' AND NOT name = 'sqlite_sequence'
[0m
  [4;36;1mSQL (0.2ms)[0m   [0;1mPRAGMA index_list("photos")[0m
  [4;35;1mSQL (0.4ms)[0m   [0mPRAGMA index_list("users")[0m
  [4;36;1mSQL (0.3ms)[0m   [0;1mPRAGMA index_info('index_users_on_login')[0m


Processing UsersController#index (for ::1 at 2009-11-25 04:10:26) [GET]
Rendering users/index
Completed in 317ms (View: 311, DB: 0) | 200 OK [http://localhost/]


Processing UsersController#new (for ::1 at 2009-11-25 04:10:31) [GET]
Rendering users/new
Completed in 1298ms (View: 80, DB: 0) | 200 OK [http://localhost/signup]


Processing UsersController#new (for ::1 at 2009-11-25 04:40:28) [GET]
Rendering users/new
Completed in 380ms (View: 267, DB: 0) | 200 OK [http://localhost/signup]


Processing UsersController#index (for ::1 at 2009-11-25 04:41:16) [GET]
Rendering users/index
Completed in 7ms (View: 1, DB: 0) | 200 OK [http://localhost/]


Processing UsersController#new (for ::1 at 2009-11-25 04:41:23) [GET]
Rendering users/new
Completed in 94ms (View: 14, DB: 0) | 200 OK [http://localhost/signup]


Processing SessionsController#new (for ::1 at 2009-11-25 10:54:53) [GET]
Rendering sessions/new
Completed in 393ms (View: 387, DB: 0) | 200 OK [http://localhost/login]


Processing SessionsController#destroy (for ::1 at 2009-11-25 10:55:00) [GET]
Redirected to http://localhost:3000/
Completed in 7ms (DB: 0) | 302 Found [http://localhost/logout]


Processing UsersController#index (for ::1 at 2009-11-25 10:55:02) [GET]
Rendering users/index
Completed in 7ms (View: 1, DB: 0) | 200 OK [http://localhost/]


Processing UsersController#index (for ::1 at 2009-11-25 20:12:35) [GET]
Rendering users/index
Completed in 137ms (View: 131, DB: 0) | 200 OK [http://localhost/]


Processing UsersController#index (for ::1 at 2009-11-25 20:12:39) [GET]
Rendering users/index
Completed in 7ms (View: 1, DB: 0) | 200 OK [http://localhost/users]


Processing UsersController#new (for ::1 at 2009-11-25 20:12:44) [GET]
Rendering users/new
Completed in 1348ms (View: 175, DB: 0) | 200 OK [http://localhost/signup]
  [4;36;1mUser Load (0.8ms)[0m   [0;1mSELECT * FROM "users" WHERE ("users"."id" = 1) [0m
  [4;36;1mSQL (1.2ms)[0m   [0;1m SELECT name
 FROM sqlite_master
 WHERE type = 'table' AND NOT name = 'sqlite_sequence'
[0m
  [4;35;1mSQL (0.6ms)[0m   [0mSELECT version FROM schema_migrations[0m
  [4;36;1mSQL (0.4ms)[0m   [0;1m SELECT name
 FROM sqlite_master
 WHERE type = 'table' AND NOT name = 'sqlite_sequence'
[0m
  [4;35;1mSQL (0.4ms)[0m   [0mSELECT version FROM schema_migrations[0m
Migrating to CreatePhotos (20091125082400)
  [4;36;1mSQL (0.2ms)[0m   [0;1mselect sqlite_version(*)[0m
  [4;35;1mSQL (0.0ms)[0m   [0mSQLite3::SQLException: no such index: index_photos_on_parent_id: DROP INDEX "index_photos_on_parent_id"[0m
  [4;36;1mSQL (0.9ms)[0m   [0;1m SELECT name
 FROM sqlite_master
 WHERE type = 'table' AND NOT name = 'sqlite_sequence'
[0m
  [4;35;1mSQL (0.6ms)[0m   [0mSELECT version FROM schema_migrations[0m
Migrating to CreateUsers (20091125075407)
Migrating to CreatePhotos (20091125082400)
  [4;36;1mSQL (0.3ms)[0m   [0;1mselect sqlite_version(*)[0m
  [4;35;1mSQL (0.5ms)[0m   [0m SELECT name
 FROM sqlite_master
 WHERE type = 'table' AND NOT name = 'sqlite_sequence'
[0m
  [4;36;1mSQL (0.4ms)[0m   [0;1mSELECT version FROM schema_migrations[0m
  [4;35;1mSQL (0.4ms)[0m   [0m SELECT name
 FROM sqlite_master
 WHERE type = 'table' AND NOT name = 'sqlite_sequence'
[0m
  [4;36;1mSQL (0.1ms)[0m   [0;1mPRAGMA index_list("photos")[0m
  [4;35;1mSQL (0.3ms)[0m   [0mPRAGMA index_list("users")[0m
  [4;36;1mSQL (0.3ms)[0m   [0;1mPRAGMA index_info('index_users_on_login')[0m
  [4;36;1mUser Load (1.1ms)[0m   [0;1mSELECT * FROM "users" WHERE ("users"."id" = 1) [0m
  [4;36;1mUser Load (20.7ms)[0m   [0;1mSELECT * FROM "users" WHERE ("users"."email" IN ('eberner@gmail.com')) LIMIT 1[0m
  [4;35;1mUser Load (1.0ms)[0m   [0mSELECT * FROM "users" WHERE ("users"."email" IN ('eberner@gmail.com')) LIMIT 1[0m
  [4;36;1mUser Load (13.7ms)[0m   [0;1mSELECT * FROM "users" WHERE ("users"."id" = 1) [0m
  [4;35;1mPhoto Create (40.4ms)[0m   [0mINSERT INTO "photos" ("position", "size", "created_at", "content_type", "thumbnail", "updated_at", "height", "parent_id", "filename", "attachable_type", "attachable_id", "width") VALUES(NULL, 15995, '2009-11-26 17:48:29', 'image/png', NULL, '2009-11-26 17:48:29', 128, NULL, '45.png', NULL, NULL, 128)[0m
  [4;36;1mUser Load (0.9ms)[0m   [0;1mSELECT * FROM "users" WHERE ("users"."email" IN ('eberner@gmail.com')) LIMIT 1[0m
